-------------------------------------------------------------------------------
Test set: TestSuite
-------------------------------------------------------------------------------
Tests run: 3, Failures: 1, Errors: 0, Skipped: 0, Time elapsed: 0.584 s <<< FAILURE! - in TestSuite
test3(SeleAuto.TestSele)  Time elapsed: 0.008 s  <<< FAILURE!
java.lang.AssertionError: expected [2] but found [3]
	at SeleAuto.TestSele.test3(TestSele.java:21)

