<?xml version="1.0" encoding="UTF-8"?>
<testng-results skipped="0" failed="0" ignored="0" total="2" passed="2">
  <reporter-output>
  </reporter-output>
  <suite name="SeleAuto.TestSele" duration-ms="39" started-at="2021-06-12T22:43:05 IST" finished-at="2021-06-12T22:43:05 IST">
    <groups>
    </groups>
    <test name="Command line test" duration-ms="39" started-at="2021-06-12T22:43:05 IST" finished-at="2021-06-12T22:43:05 IST">
      <class name="SeleAuto.TestSele">
        <test-method status="PASS" signature="test1()[pri:0, instance:SeleAuto.TestSele@6a4f787b]" name="test1" duration-ms="4" started-at="2021-06-12T22:43:05 IST" finished-at="2021-06-12T22:43:05 IST">
          <reporter-output>
          </reporter-output>
        </test-method> <!-- test1 -->
        <test-method status="PASS" signature="test2()[pri:0, instance:SeleAuto.TestSele@6a4f787b]" name="test2" duration-ms="0" started-at="2021-06-12T22:43:05 IST" finished-at="2021-06-12T22:43:05 IST">
          <reporter-output>
          </reporter-output>
        </test-method> <!-- test2 -->
      </class> <!-- SeleAuto.TestSele -->
    </test> <!-- Command line test -->
  </suite> <!-- SeleAuto.TestSele -->
</testng-results>
