<?xml version="1.0" encoding="UTF-8"?>
<testsuite xmlns:xsi="http://www.w3.org/2001/XMLSchema-instance" xsi:noNamespaceSchemaLocation="https://maven.apache.org/surefire/maven-surefire-plugin/xsd/surefire-test-report.xsd" name="TestSuite" time="0.584" tests="3" errors="0" skipped="0" failures="1">
  <properties>
[...]
</properties>
  <testcase name="test1" classname="SeleAuto.TestSele" time="0.006"/>
  <testcase name="test2" classname="SeleAuto.TestSele" time="0"/>
  <testcase name="test3" classname="SeleAuto.TestSele" time="0.008">
    <failure message="expected [2] but found [3]" type="java.lang.AssertionError">java.lang.AssertionError: expected [2] but found [3]
	at SeleAuto.TestSele.test3(TestSele.java:21)
</failure>
  </testcase>
</testsuite>