<?xml version="1.0" encoding="UTF-8"?>
<testng-results skipped="0" failed="0" ignored="0" total="2" passed="2">
  <reporter-output>
  </reporter-output>
  <suite name="Suite" duration-ms="36" started-at="2021-06-13T11:51:07Z" finished-at="2021-06-13T11:51:07Z">
    <groups>
    </groups>
    <test name="Test" duration-ms="36" started-at="2021-06-13T11:51:07Z" finished-at="2021-06-13T11:51:07Z">
      <class name="SeleAuto.TestSele">
        <test-method status="PASS" signature="test1()[pri:0, instance:SeleAuto.TestSele@6767c1fc]" name="test1" duration-ms="9" started-at="2021-06-13T11:51:07Z" finished-at="2021-06-13T11:51:07Z">
          <reporter-output>
          </reporter-output>
        </test-method> <!-- test1 -->
        <test-method status="PASS" signature="test2()[pri:0, instance:SeleAuto.TestSele@6767c1fc]" name="test2" duration-ms="2" started-at="2021-06-13T11:51:07Z" finished-at="2021-06-13T11:51:07Z">
          <reporter-output>
          </reporter-output>
        </test-method> <!-- test2 -->
      </class> <!-- SeleAuto.TestSele -->
    </test> <!-- Test -->
  </suite> <!-- Suite -->
</testng-results>
